0 info it worked if it ends with ok
1 verbose cli [ 'C:\\Program Files\\nodejs\\node.exe',
1 verbose cli   'C:\\Program Files\\nodejs\\node_modules\\npm\\bin\\npm-cli.js',
1 verbose cli   'run-script',
1 verbose cli   'start' ]
2 info using npm@3.8.9
3 info using node@v6.2.0
4 verbose run-script [ 'prestart', 'start', 'poststart' ]
5 info lifecycle NodeTest@0.0.0~prestart: NodeTest@0.0.0
6 silly lifecycle NodeTest@0.0.0~prestart: no script for prestart, continuing
7 info lifecycle NodeTest@0.0.0~start: NodeTest@0.0.0
8 verbose lifecycle NodeTest@0.0.0~start: unsafe-perm in lifecycle true
9 verbose lifecycle NodeTest@0.0.0~start: PATH: C:\Program Files\nodejs\node_modules\npm\bin\node-gyp-bin;D:\Test\NodeTest\node_modules\.bin;C:\Program Files\nodejs;C:\WINDOWS\system32;C:\WINDOWS;C:\WINDOWS\System32\Wbem;C:\WINDOWS\System32\WindowsPowerShell\v1.0\;C:\Program Files (x86)\Microsoft ASP.NET\ASP.NET Web Pages\v1.0\;C:\Program Files\TortoiseSVN\bin;C:\Program Files (x86)\Microsoft SQL Server\110\Tools\Binn\;C:\Program Files\Microsoft SQL Server\110\Tools\Binn\;C:\Program Files\Microsoft SQL Server\110\DTS\Binn\;C:\Program Files (x86)\Microsoft SQL Server\110\Tools\Binn\ManagementStudio\;C:\Program Files (x86)\Microsoft Visual Studio 10.0\Common7\IDE\PrivateAssemblies\;C:\Program Files (x86)\Microsoft SQL Server\110\DTS\Binn\;C:\Program Files (x86)\Windows Kits\8.1\Windows Performance Toolkit\;C:\Program Files\Microsoft SQL Server\120\Tools\Binn\;C:\Program Files (x86)\Microsoft SDKs\TypeScript\1.0\;C:\Program Files\Microsoft\Web Platform Installer\;C:\Program Files\nodejs\;C:\WINDOWS\system32\config\systemprofile\.dnx\bin;C:\Program Files\Microsoft DNX\Dnvm\;C:\Program Files\Microsoft SQL Server\130\Tools\Binn\;C:\Program Files (x86)\Common Files\Thunder Network\KanKan\Codecs;C:\Users\kjt\AppData\Local\Microsoft\WindowsApps;C:\Users\kjt\AppData\Roaming\npm
10 verbose lifecycle NodeTest@0.0.0~start: CWD: D:\Test\NodeTest
11 silly lifecycle NodeTest@0.0.0~start: Args: [ '/d /s /c', 'node ./bin/server' ]
12 silly lifecycle NodeTest@0.0.0~start: Returned: code: 1  signal: null
13 info lifecycle NodeTest@0.0.0~start: Failed to exec start script
14 verbose stack Error: NodeTest@0.0.0 start: `node ./bin/server`
14 verbose stack Exit status 1
14 verbose stack     at EventEmitter.<anonymous> (C:\Program Files\nodejs\node_modules\npm\lib\utils\lifecycle.js:245:16)
14 verbose stack     at emitTwo (events.js:106:13)
14 verbose stack     at EventEmitter.emit (events.js:191:7)
14 verbose stack     at ChildProcess.<anonymous> (C:\Program Files\nodejs\node_modules\npm\lib\utils\spawn.js:24:14)
14 verbose stack     at emitTwo (events.js:106:13)
14 verbose stack     at ChildProcess.emit (events.js:191:7)
14 verbose stack     at maybeClose (internal/child_process.js:850:16)
14 verbose stack     at Process.ChildProcess._handle.onexit (internal/child_process.js:215:5)
15 verbose pkgid NodeTest@0.0.0
16 verbose cwd D:\Test\NodeTest\bin
17 error Windows_NT 10.0.14393
18 error argv "C:\\Program Files\\nodejs\\node.exe" "C:\\Program Files\\nodejs\\node_modules\\npm\\bin\\npm-cli.js" "run-script" "start"
19 error node v6.2.0
20 error npm  v3.8.9
21 error code ELIFECYCLE
22 error NodeTest@0.0.0 start: `node ./bin/server`
22 error Exit status 1
23 error Failed at the NodeTest@0.0.0 start script 'node ./bin/server'.
23 error Make sure you have the latest version of node.js and npm installed.
23 error If you do, this is most likely a problem with the NodeTest package,
23 error not with npm itself.
23 error Tell the author that this fails on your system:
23 error     node ./bin/server
23 error You can get information on how to open an issue for this project with:
23 error     npm bugs NodeTest
23 error Or if that isn't available, you can get their info via:
23 error     npm owner ls NodeTest
23 error There is likely additional logging output above.
24 verbose exit [ 1, true ]
